debug: Tue, 26 Dec 2023 15:23:05 GMT
debug: Project: /Users/lindanian/projects/git/cocos-creator-projects/practice/13-CrampedRoomOfDeath
debug: Targets: editor,preview
debug: Incremental file seems great.
debug: Engine path: /Applications/Cocos/Creator/3.4.2/CocosCreator.app/Contents/Resources/resources/3d/engine
debug: Initializing target [Editor]
debug: Loading cache
debug: Loading cache costs 3.3930729999847244ms.
debug: Engine features shipped in editor: base,gfx-webgl,gfx-webgl2,3d,2d,ui,particle,particle-2d,physics-framework,physics-2d-framework,intersection-2d,primitive,profiler,audio,video,terrain,webview,tween,tiled-map,spine,dragon-bones,marionette
debug: Initializing target [Preview]
debug: Loading cache
debug: Loading cache costs 6.689653999987058ms.
debug: Sync engine features: 2d,base,gfx-webgl,gfx-webgl2,marionette,profiler,tween,ui
debug: Pulling asset-db.
debug: Fetch asset-db cost: 60.90426700000535ms.
debug: Build iteration starts.
Number of accumulated asset changes: 5
Feature changed: false
debug: Target(editor) build started.
debug: Detected change: cce:/internal/x/cc. Last mtime: Thu Jan 01 1970 08:00:08 GMT+0800 (中国标准时间), Current mtime: Thu Jan 01 1970 08:00:09 GMT+0800 (中国标准时间)
debug: Inspect cce:/internal/x/cc
debug: Resolve cce:/internal/x/cc-fu/base from cce:/internal/x/cc as external dependency cce:/internal/x/cc-fu/base.
debug: Resolve cce:/internal/x/cc-fu/gfx-webgl from cce:/internal/x/cc as external dependency cce:/internal/x/cc-fu/gfx-webgl.
debug: Resolve cce:/internal/x/cc-fu/gfx-webgl2 from cce:/internal/x/cc as external dependency cce:/internal/x/cc-fu/gfx-webgl2.
debug: Resolve cce:/internal/x/cc-fu/3d from cce:/internal/x/cc as external dependency cce:/internal/x/cc-fu/3d.
debug: Resolve cce:/internal/x/cc-fu/2d from cce:/internal/x/cc as external dependency cce:/internal/x/cc-fu/2d.
debug: Resolve cce:/internal/x/cc-fu/ui from cce:/internal/x/cc as external dependency cce:/internal/x/cc-fu/ui.
debug: Resolve cce:/internal/x/cc-fu/particle from cce:/internal/x/cc as external dependency cce:/internal/x/cc-fu/particle.
debug: Resolve cce:/internal/x/cc-fu/particle-2d from cce:/internal/x/cc as external dependency cce:/internal/x/cc-fu/particle-2d.
debug: Resolve cce:/internal/x/cc-fu/physics-framework from cce:/internal/x/cc as external dependency cce:/internal/x/cc-fu/physics-framework.
debug: Resolve cce:/internal/x/cc-fu/physics-2d-framework from cce:/internal/x/cc as external dependency cce:/internal/x/cc-fu/physics-2d-framework.
debug: Resolve cce:/internal/x/cc-fu/intersection-2d from cce:/internal/x/cc as external dependency cce:/internal/x/cc-fu/intersection-2d.
debug: Resolve cce:/internal/x/cc-fu/primitive from cce:/internal/x/cc as external dependency cce:/internal/x/cc-fu/primitive.
debug: Resolve cce:/internal/x/cc-fu/profiler from cce:/internal/x/cc as external dependency cce:/internal/x/cc-fu/profiler.
debug: Resolve cce:/internal/x/cc-fu/audio from cce:/internal/x/cc as external dependency cce:/internal/x/cc-fu/audio.
debug: Resolve cce:/internal/x/cc-fu/video from cce:/internal/x/cc as external dependency cce:/internal/x/cc-fu/video.
debug: Resolve cce:/internal/x/cc-fu/terrain from cce:/internal/x/cc as external dependency cce:/internal/x/cc-fu/terrain.
debug: Resolve cce:/internal/x/cc-fu/webview from cce:/internal/x/cc as external dependency cce:/internal/x/cc-fu/webview.
debug: Resolve cce:/internal/x/cc-fu/tween from cce:/internal/x/cc as external dependency cce:/internal/x/cc-fu/tween.
debug: Resolve cce:/internal/x/cc-fu/tiled-map from cce:/internal/x/cc as external dependency cce:/internal/x/cc-fu/tiled-map.
debug: Resolve cce:/internal/x/cc-fu/spine from cce:/internal/x/cc as external dependency cce:/internal/x/cc-fu/spine.
debug: Resolve cce:/internal/x/cc-fu/dragon-bones from cce:/internal/x/cc as external dependency cce:/internal/x/cc-fu/dragon-bones.
debug: Detected change: cce:/internal/x/prerequisite-imports. Last mtime: Thu Jan 01 1970 08:00:14 GMT+0800 (中国标准时间), Current mtime: Thu Jan 01 1970 08:00:49 GMT+0800 (中国标准时间)
debug: Inspect cce:/internal/x/prerequisite-imports
debug: Resolve file:///Users/lindanian/projects/git/cocos-creator-projects/practice/13-CrampedRoomOfDeath/assets/Enums/index.ts from cce:/internal/x/prerequisite-imports as file:///Users/lindanian/projects/git/cocos-creator-projects/practice/13-CrampedRoomOfDeath/assets/Enums/index.ts.
debug: Resolve file:///Users/lindanian/projects/git/cocos-creator-projects/practice/13-CrampedRoomOfDeath/assets/Levels/index.ts from cce:/internal/x/prerequisite-imports as file:///Users/lindanian/projects/git/cocos-creator-projects/practice/13-CrampedRoomOfDeath/assets/Levels/index.ts.
debug: Resolve file:///Users/lindanian/projects/git/cocos-creator-projects/practice/13-CrampedRoomOfDeath/assets/Levels/level1.ts from cce:/internal/x/prerequisite-imports as file:///Users/lindanian/projects/git/cocos-creator-projects/practice/13-CrampedRoomOfDeath/assets/Levels/level1.ts.
debug: Resolve file:///Users/lindanian/projects/git/cocos-creator-projects/practice/13-CrampedRoomOfDeath/assets/Scripts/Sence/BattleManager.ts from cce:/internal/x/prerequisite-imports as file:///Users/lindanian/projects/git/cocos-creator-projects/practice/13-CrampedRoomOfDeath/assets/Scripts/Sence/BattleManager.ts.
debug: Resolve file:///Users/lindanian/projects/git/cocos-creator-projects/practice/13-CrampedRoomOfDeath/assets/Scripts/Tile/TileMapManager.ts from cce:/internal/x/prerequisite-imports as file:///Users/lindanian/projects/git/cocos-creator-projects/practice/13-CrampedRoomOfDeath/assets/Scripts/Tile/TileMapManager.ts.
debug: Detected change: cce:/internal/code-quality/cr.mjs. Last mtime: Tue Dec 26 2023 23:13:19 GMT+0800 (中国标准时间), Current mtime: Tue Dec 26 2023 23:22:56 GMT+0800 (中国标准时间)
debug: Inspect cce:/internal/code-quality/cr.mjs
debug: Target(editor) ends with cost 128.05496400000993ms.
debug: Target(preview) build started.
debug: Detected change: cce:/internal/x/cc. Last mtime: Thu Jan 01 1970 08:00:08 GMT+0800 (中国标准时间), Current mtime: Thu Jan 01 1970 08:00:09 GMT+0800 (中国标准时间)
debug: Inspect cce:/internal/x/cc
debug: Resolve cce:/internal/x/cc-fu/2d from cce:/internal/x/cc as external dependency cce:/internal/x/cc-fu/2d.
debug: Resolve cce:/internal/x/cc-fu/base from cce:/internal/x/cc as external dependency cce:/internal/x/cc-fu/base.
debug: Resolve cce:/internal/x/cc-fu/gfx-webgl from cce:/internal/x/cc as external dependency cce:/internal/x/cc-fu/gfx-webgl.
debug: Resolve cce:/internal/x/cc-fu/gfx-webgl2 from cce:/internal/x/cc as external dependency cce:/internal/x/cc-fu/gfx-webgl2.
debug: Resolve cce:/internal/x/cc-fu/profiler from cce:/internal/x/cc as external dependency cce:/internal/x/cc-fu/profiler.
debug: Resolve cce:/internal/x/cc-fu/tween from cce:/internal/x/cc as external dependency cce:/internal/x/cc-fu/tween.
debug: Resolve cce:/internal/x/cc-fu/ui from cce:/internal/x/cc as external dependency cce:/internal/x/cc-fu/ui.
debug: Detected change: cce:/internal/x/prerequisite-imports. Last mtime: Thu Jan 01 1970 08:00:14 GMT+0800 (中国标准时间), Current mtime: Thu Jan 01 1970 08:00:49 GMT+0800 (中国标准时间)
debug: Inspect cce:/internal/x/prerequisite-imports
debug: Resolve file:///Users/lindanian/projects/git/cocos-creator-projects/practice/13-CrampedRoomOfDeath/assets/Enums/index.ts from cce:/internal/x/prerequisite-imports as file:///Users/lindanian/projects/git/cocos-creator-projects/practice/13-CrampedRoomOfDeath/assets/Enums/index.ts.
debug: Resolve file:///Users/lindanian/projects/git/cocos-creator-projects/practice/13-CrampedRoomOfDeath/assets/Levels/index.ts from cce:/internal/x/prerequisite-imports as file:///Users/lindanian/projects/git/cocos-creator-projects/practice/13-CrampedRoomOfDeath/assets/Levels/index.ts.
debug: Resolve file:///Users/lindanian/projects/git/cocos-creator-projects/practice/13-CrampedRoomOfDeath/assets/Levels/level1.ts from cce:/internal/x/prerequisite-imports as file:///Users/lindanian/projects/git/cocos-creator-projects/practice/13-CrampedRoomOfDeath/assets/Levels/level1.ts.
debug: Resolve file:///Users/lindanian/projects/git/cocos-creator-projects/practice/13-CrampedRoomOfDeath/assets/Scripts/Sence/BattleManager.ts from cce:/internal/x/prerequisite-imports as file:///Users/lindanian/projects/git/cocos-creator-projects/practice/13-CrampedRoomOfDeath/assets/Scripts/Sence/BattleManager.ts.
debug: Resolve file:///Users/lindanian/projects/git/cocos-creator-projects/practice/13-CrampedRoomOfDeath/assets/Scripts/Tile/TileMapManager.ts from cce:/internal/x/prerequisite-imports as file:///Users/lindanian/projects/git/cocos-creator-projects/practice/13-CrampedRoomOfDeath/assets/Scripts/Tile/TileMapManager.ts.
debug: Detected change: cce:/internal/code-quality/cr.mjs. Last mtime: Tue Dec 26 2023 23:13:19 GMT+0800 (中国标准时间), Current mtime: Tue Dec 26 2023 23:22:56 GMT+0800 (中国标准时间)
debug: Inspect cce:/internal/code-quality/cr.mjs
debug: Target(preview) ends with cost 190.40977200001362ms.
debug: Dispatch build request for time accumulated 4 asset changes.
debug: Build iteration starts.
Number of accumulated asset changes: 4
Feature changed: false
debug: Target(editor) build started.
debug: Detected change: cce:/internal/x/prerequisite-imports. Last mtime: Thu Jan 01 1970 08:00:49 GMT+0800 (中国标准时间), Current mtime: Thu Jan 01 1970 08:20:04 GMT+0800 (中国标准时间)
debug: Inspect cce:/internal/x/prerequisite-imports
debug: Resolve file:///Users/lindanian/projects/git/cocos-creator-projects/practice/13-CrampedRoomOfDeath/assets/Levels/level1.ts from cce:/internal/x/prerequisite-imports as file:///Users/lindanian/projects/git/cocos-creator-projects/practice/13-CrampedRoomOfDeath/assets/Levels/level1.ts.
debug: Resolve file:///Users/lindanian/projects/git/cocos-creator-projects/practice/13-CrampedRoomOfDeath/assets/Levels/index.ts from cce:/internal/x/prerequisite-imports as file:///Users/lindanian/projects/git/cocos-creator-projects/practice/13-CrampedRoomOfDeath/assets/Levels/index.ts.
debug: Resolve file:///Users/lindanian/projects/git/cocos-creator-projects/practice/13-CrampedRoomOfDeath/assets/Scripts/Sence/BattleManager.ts from cce:/internal/x/prerequisite-imports as file:///Users/lindanian/projects/git/cocos-creator-projects/practice/13-CrampedRoomOfDeath/assets/Scripts/Sence/BattleManager.ts.
debug: Resolve file:///Users/lindanian/projects/git/cocos-creator-projects/practice/13-CrampedRoomOfDeath/assets/Scripts/Tile/TileManager.ts from cce:/internal/x/prerequisite-imports as file:///Users/lindanian/projects/git/cocos-creator-projects/practice/13-CrampedRoomOfDeath/assets/Scripts/Tile/TileManager.ts.
debug: Resolve file:///Users/lindanian/projects/git/cocos-creator-projects/practice/13-CrampedRoomOfDeath/assets/Enums/index.ts from cce:/internal/x/prerequisite-imports as file:///Users/lindanian/projects/git/cocos-creator-projects/practice/13-CrampedRoomOfDeath/assets/Enums/index.ts.
debug: Resolve file:///Users/lindanian/projects/git/cocos-creator-projects/practice/13-CrampedRoomOfDeath/assets/Utils/index.ts from cce:/internal/x/prerequisite-imports as file:///Users/lindanian/projects/git/cocos-creator-projects/practice/13-CrampedRoomOfDeath/assets/Utils/index.ts.
debug: Resolve file:///Users/lindanian/projects/git/cocos-creator-projects/practice/13-CrampedRoomOfDeath/assets/Scripts/Tile/TileMapManager.ts from cce:/internal/x/prerequisite-imports as file:///Users/lindanian/projects/git/cocos-creator-projects/practice/13-CrampedRoomOfDeath/assets/Scripts/Tile/TileMapManager.ts.
debug: Detected change: file:///Users/lindanian/projects/git/cocos-creator-projects/practice/13-CrampedRoomOfDeath/assets/Scripts/Sence/BattleManager.ts. Last mtime: Sat Dec 16 2023 01:15:04 GMT+0800 (中国标准时间)@bd0bbef9-eda4-4fbc-a655-b42512681271, Current mtime: Tue Dec 26 2023 23:41:44 GMT+0800 (中国标准时间)@bd0bbef9-eda4-4fbc-a655-b42512681271
debug: Inspect file:///Users/lindanian/projects/git/cocos-creator-projects/practice/13-CrampedRoomOfDeath/assets/Scripts/Sence/BattleManager.ts
debug: Inspect file:///Users/lindanian/projects/git/cocos-creator-projects/practice/13-CrampedRoomOfDeath/assets/Scripts/Tile/TileManager.ts
debug: Inspect file:///Users/lindanian/projects/git/cocos-creator-projects/practice/13-CrampedRoomOfDeath/assets/Utils/index.ts
debug: Detected change: file:///Users/lindanian/projects/git/cocos-creator-projects/practice/13-CrampedRoomOfDeath/assets/Scripts/Tile/TileMapManager.ts. Last mtime: Sat Dec 16 2023 01:37:38 GMT+0800 (中国标准时间)@48ff63d2-6fd3-4606-bf44-5f26166a13fa, Current mtime: Tue Dec 26 2023 23:40:54 GMT+0800 (中国标准时间)@48ff63d2-6fd3-4606-bf44-5f26166a13fa
debug: Inspect file:///Users/lindanian/projects/git/cocos-creator-projects/practice/13-CrampedRoomOfDeath/assets/Scripts/Tile/TileMapManager.ts
debug: Resolve cce:/internal/code-quality/cr.mjs from file:///Users/lindanian/projects/git/cocos-creator-projects/practice/13-CrampedRoomOfDeath/assets/Scripts/Sence/BattleManager.ts as cce:/internal/code-quality/cr.mjs.
debug: Resolve cc from file:///Users/lindanian/projects/git/cocos-creator-projects/practice/13-CrampedRoomOfDeath/assets/Scripts/Sence/BattleManager.ts as cce:/internal/x/cc.
debug: Resolve cc from file:///Users/lindanian/projects/git/cocos-creator-projects/practice/13-CrampedRoomOfDeath/assets/Scripts/Sence/BattleManager.ts as cce:/internal/x/cc.
debug: Resolve cce:/internal/code-quality/cr.mjs from file:///Users/lindanian/projects/git/cocos-creator-projects/practice/13-CrampedRoomOfDeath/assets/Scripts/Tile/TileMapManager.ts as cce:/internal/code-quality/cr.mjs.
debug: Resolve cc from file:///Users/lindanian/projects/git/cocos-creator-projects/practice/13-CrampedRoomOfDeath/assets/Scripts/Tile/TileMapManager.ts as cce:/internal/x/cc.
debug: Resolve cc from file:///Users/lindanian/projects/git/cocos-creator-projects/practice/13-CrampedRoomOfDeath/assets/Scripts/Tile/TileMapManager.ts as cce:/internal/x/cc.
debug: Resolve cc from file:///Users/lindanian/projects/git/cocos-creator-projects/practice/13-CrampedRoomOfDeath/assets/Scripts/Tile/TileManager.ts as cce:/internal/x/cc.
debug: Resolve cc from file:///Users/lindanian/projects/git/cocos-creator-projects/practice/13-CrampedRoomOfDeath/assets/Scripts/Tile/TileManager.ts as cce:/internal/x/cc.
debug: Resolve db://assets/Scripts/Tile/TileMapManager from file:///Users/lindanian/projects/git/cocos-creator-projects/practice/13-CrampedRoomOfDeath/assets/Scripts/Sence/BattleManager.ts as file:///Users/lindanian/projects/git/cocos-creator-projects/practice/13-CrampedRoomOfDeath/assets/Scripts/Tile/TileMapManager.ts.
debug: Resolve db://assets/Scripts/Tile/TileManager from file:///Users/lindanian/projects/git/cocos-creator-projects/practice/13-CrampedRoomOfDeath/assets/Scripts/Tile/TileMapManager.ts as file:///Users/lindanian/projects/git/cocos-creator-projects/practice/13-CrampedRoomOfDeath/assets/Scripts/Tile/TileManager.ts.
debug: Resolve cc from file:///Users/lindanian/projects/git/cocos-creator-projects/practice/13-CrampedRoomOfDeath/assets/Utils/index.ts as cce:/internal/x/cc.
debug: Resolve cc from file:///Users/lindanian/projects/git/cocos-creator-projects/practice/13-CrampedRoomOfDeath/assets/Utils/index.ts as cce:/internal/x/cc.
debug: Resolve db://assets/Levels from file:///Users/lindanian/projects/git/cocos-creator-projects/practice/13-CrampedRoomOfDeath/assets/Scripts/Tile/TileMapManager.ts as file:///Users/lindanian/projects/git/cocos-creator-projects/practice/13-CrampedRoomOfDeath/assets/Levels/index.ts.
debug: Resolve db://assets/Utils from file:///Users/lindanian/projects/git/cocos-creator-projects/practice/13-CrampedRoomOfDeath/assets/Scripts/Tile/TileMapManager.ts as file:///Users/lindanian/projects/git/cocos-creator-projects/practice/13-CrampedRoomOfDeath/assets/Utils/index.ts.
debug: Resolve db://assets/Utils from file:///Users/lindanian/projects/git/cocos-creator-projects/practice/13-CrampedRoomOfDeath/assets/Scripts/Sence/BattleManager.ts as file:///Users/lindanian/projects/git/cocos-creator-projects/practice/13-CrampedRoomOfDeath/assets/Utils/index.ts.
debug: Target(editor) ends with cost 204.17103499989025ms.
debug: Target(preview) build started.
debug: Detected change: cce:/internal/x/prerequisite-imports. Last mtime: Thu Jan 01 1970 08:00:49 GMT+0800 (中国标准时间), Current mtime: Thu Jan 01 1970 08:20:04 GMT+0800 (中国标准时间)
debug: Inspect cce:/internal/x/prerequisite-imports
debug: Resolve file:///Users/lindanian/projects/git/cocos-creator-projects/practice/13-CrampedRoomOfDeath/assets/Enums/index.ts from cce:/internal/x/prerequisite-imports as file:///Users/lindanian/projects/git/cocos-creator-projects/practice/13-CrampedRoomOfDeath/assets/Enums/index.ts.
debug: Resolve file:///Users/lindanian/projects/git/cocos-creator-projects/practice/13-CrampedRoomOfDeath/assets/Levels/index.ts from cce:/internal/x/prerequisite-imports as file:///Users/lindanian/projects/git/cocos-creator-projects/practice/13-CrampedRoomOfDeath/assets/Levels/index.ts.
debug: Resolve file:///Users/lindanian/projects/git/cocos-creator-projects/practice/13-CrampedRoomOfDeath/assets/Levels/level1.ts from cce:/internal/x/prerequisite-imports as file:///Users/lindanian/projects/git/cocos-creator-projects/practice/13-CrampedRoomOfDeath/assets/Levels/level1.ts.
debug: Resolve file:///Users/lindanian/projects/git/cocos-creator-projects/practice/13-CrampedRoomOfDeath/assets/Scripts/Sence/BattleManager.ts from cce:/internal/x/prerequisite-imports as file:///Users/lindanian/projects/git/cocos-creator-projects/practice/13-CrampedRoomOfDeath/assets/Scripts/Sence/BattleManager.ts.
debug: Resolve file:///Users/lindanian/projects/git/cocos-creator-projects/practice/13-CrampedRoomOfDeath/assets/Scripts/Tile/TileManager.ts from cce:/internal/x/prerequisite-imports as file:///Users/lindanian/projects/git/cocos-creator-projects/practice/13-CrampedRoomOfDeath/assets/Scripts/Tile/TileManager.ts.
debug: Resolve file:///Users/lindanian/projects/git/cocos-creator-projects/practice/13-CrampedRoomOfDeath/assets/Scripts/Tile/TileMapManager.ts from cce:/internal/x/prerequisite-imports as file:///Users/lindanian/projects/git/cocos-creator-projects/practice/13-CrampedRoomOfDeath/assets/Scripts/Tile/TileMapManager.ts.
debug: Resolve file:///Users/lindanian/projects/git/cocos-creator-projects/practice/13-CrampedRoomOfDeath/assets/Utils/index.ts from cce:/internal/x/prerequisite-imports as file:///Users/lindanian/projects/git/cocos-creator-projects/practice/13-CrampedRoomOfDeath/assets/Utils/index.ts.
debug: Detected change: file:///Users/lindanian/projects/git/cocos-creator-projects/practice/13-CrampedRoomOfDeath/assets/Scripts/Sence/BattleManager.ts. Last mtime: Sat Dec 16 2023 01:15:04 GMT+0800 (中国标准时间)@bd0bbef9-eda4-4fbc-a655-b42512681271, Current mtime: Tue Dec 26 2023 23:41:44 GMT+0800 (中国标准时间)@bd0bbef9-eda4-4fbc-a655-b42512681271
debug: Inspect file:///Users/lindanian/projects/git/cocos-creator-projects/practice/13-CrampedRoomOfDeath/assets/Scripts/Sence/BattleManager.ts
debug: Inspect file:///Users/lindanian/projects/git/cocos-creator-projects/practice/13-CrampedRoomOfDeath/assets/Scripts/Tile/TileManager.ts
debug: Detected change: file:///Users/lindanian/projects/git/cocos-creator-projects/practice/13-CrampedRoomOfDeath/assets/Scripts/Tile/TileMapManager.ts. Last mtime: Sat Dec 16 2023 01:37:38 GMT+0800 (中国标准时间)@48ff63d2-6fd3-4606-bf44-5f26166a13fa, Current mtime: Tue Dec 26 2023 23:40:54 GMT+0800 (中国标准时间)@48ff63d2-6fd3-4606-bf44-5f26166a13fa
debug: Inspect file:///Users/lindanian/projects/git/cocos-creator-projects/practice/13-CrampedRoomOfDeath/assets/Scripts/Tile/TileMapManager.ts
debug: Inspect file:///Users/lindanian/projects/git/cocos-creator-projects/practice/13-CrampedRoomOfDeath/assets/Utils/index.ts
debug: Resolve cce:/internal/code-quality/cr.mjs from file:///Users/lindanian/projects/git/cocos-creator-projects/practice/13-CrampedRoomOfDeath/assets/Scripts/Tile/TileMapManager.ts as cce:/internal/code-quality/cr.mjs.
debug: Resolve cc from file:///Users/lindanian/projects/git/cocos-creator-projects/practice/13-CrampedRoomOfDeath/assets/Scripts/Tile/TileMapManager.ts as cce:/internal/x/cc.
debug: Resolve cc from file:///Users/lindanian/projects/git/cocos-creator-projects/practice/13-CrampedRoomOfDeath/assets/Scripts/Tile/TileMapManager.ts as cce:/internal/x/cc.
debug: Resolve cc from file:///Users/lindanian/projects/git/cocos-creator-projects/practice/13-CrampedRoomOfDeath/assets/Scripts/Tile/TileManager.ts as cce:/internal/x/cc.
debug: Resolve cc from file:///Users/lindanian/projects/git/cocos-creator-projects/practice/13-CrampedRoomOfDeath/assets/Scripts/Tile/TileManager.ts as cce:/internal/x/cc.
debug: Resolve cce:/internal/code-quality/cr.mjs from file:///Users/lindanian/projects/git/cocos-creator-projects/practice/13-CrampedRoomOfDeath/assets/Scripts/Sence/BattleManager.ts as cce:/internal/code-quality/cr.mjs.
debug: Resolve cc from file:///Users/lindanian/projects/git/cocos-creator-projects/practice/13-CrampedRoomOfDeath/assets/Scripts/Sence/BattleManager.ts as cce:/internal/x/cc.
debug: Resolve cc from file:///Users/lindanian/projects/git/cocos-creator-projects/practice/13-CrampedRoomOfDeath/assets/Scripts/Sence/BattleManager.ts as cce:/internal/x/cc.
debug: Resolve cc from file:///Users/lindanian/projects/git/cocos-creator-projects/practice/13-CrampedRoomOfDeath/assets/Utils/index.ts as cce:/internal/x/cc.
debug: Resolve cc from file:///Users/lindanian/projects/git/cocos-creator-projects/practice/13-CrampedRoomOfDeath/assets/Utils/index.ts as cce:/internal/x/cc.
debug: Resolve db://assets/Scripts/Tile/TileManager from file:///Users/lindanian/projects/git/cocos-creator-projects/practice/13-CrampedRoomOfDeath/assets/Scripts/Tile/TileMapManager.ts as file:///Users/lindanian/projects/git/cocos-creator-projects/practice/13-CrampedRoomOfDeath/assets/Scripts/Tile/TileManager.ts.
debug: Resolve db://assets/Utils from file:///Users/lindanian/projects/git/cocos-creator-projects/practice/13-CrampedRoomOfDeath/assets/Scripts/Tile/TileMapManager.ts as file:///Users/lindanian/projects/git/cocos-creator-projects/practice/13-CrampedRoomOfDeath/assets/Utils/index.ts.
debug: Resolve db://assets/Levels from file:///Users/lindanian/projects/git/cocos-creator-projects/practice/13-CrampedRoomOfDeath/assets/Scripts/Tile/TileMapManager.ts as file:///Users/lindanian/projects/git/cocos-creator-projects/practice/13-CrampedRoomOfDeath/assets/Levels/index.ts.
debug: Resolve db://assets/Scripts/Tile/TileMapManager from file:///Users/lindanian/projects/git/cocos-creator-projects/practice/13-CrampedRoomOfDeath/assets/Scripts/Sence/BattleManager.ts as file:///Users/lindanian/projects/git/cocos-creator-projects/practice/13-CrampedRoomOfDeath/assets/Scripts/Tile/TileMapManager.ts.
debug: Resolve db://assets/Utils from file:///Users/lindanian/projects/git/cocos-creator-projects/practice/13-CrampedRoomOfDeath/assets/Scripts/Sence/BattleManager.ts as file:///Users/lindanian/projects/git/cocos-creator-projects/practice/13-CrampedRoomOfDeath/assets/Utils/index.ts.
debug: Target(preview) ends with cost 307.0596759999171ms.
debug: Dispatch build request for time accumulated 3 asset changes.
debug: Build iteration starts.
Number of accumulated asset changes: 3
Feature changed: false
debug: Target(editor) build started.
debug: Detected change: cce:/internal/x/prerequisite-imports. Last mtime: Thu Jan 01 1970 08:20:04 GMT+0800 (中国标准时间), Current mtime: Thu Jan 01 1970 08:29:47 GMT+0800 (中国标准时间)
debug: Inspect cce:/internal/x/prerequisite-imports
debug: Resolve file:///Users/lindanian/projects/git/cocos-creator-projects/practice/13-CrampedRoomOfDeath/assets/Enums/index.ts from cce:/internal/x/prerequisite-imports as file:///Users/lindanian/projects/git/cocos-creator-projects/practice/13-CrampedRoomOfDeath/assets/Enums/index.ts.
debug: Resolve file:///Users/lindanian/projects/git/cocos-creator-projects/practice/13-CrampedRoomOfDeath/assets/Levels/index.ts from cce:/internal/x/prerequisite-imports as file:///Users/lindanian/projects/git/cocos-creator-projects/practice/13-CrampedRoomOfDeath/assets/Levels/index.ts.
debug: Resolve file:///Users/lindanian/projects/git/cocos-creator-projects/practice/13-CrampedRoomOfDeath/assets/Levels/level1.ts from cce:/internal/x/prerequisite-imports as file:///Users/lindanian/projects/git/cocos-creator-projects/practice/13-CrampedRoomOfDeath/assets/Levels/level1.ts.
debug: Resolve file:///Users/lindanian/projects/git/cocos-creator-projects/practice/13-CrampedRoomOfDeath/assets/Runtime/DataManager.ts from cce:/internal/x/prerequisite-imports as file:///Users/lindanian/projects/git/cocos-creator-projects/practice/13-CrampedRoomOfDeath/assets/Runtime/DataManager.ts.
debug: Resolve file:///Users/lindanian/projects/git/cocos-creator-projects/practice/13-CrampedRoomOfDeath/assets/Scripts/Sence/BattleManager.ts from cce:/internal/x/prerequisite-imports as file:///Users/lindanian/projects/git/cocos-creator-projects/practice/13-CrampedRoomOfDeath/assets/Scripts/Sence/BattleManager.ts.
debug: Resolve file:///Users/lindanian/projects/git/cocos-creator-projects/practice/13-CrampedRoomOfDeath/assets/Scripts/Tile/TileManager.ts from cce:/internal/x/prerequisite-imports as file:///Users/lindanian/projects/git/cocos-creator-projects/practice/13-CrampedRoomOfDeath/assets/Scripts/Tile/TileManager.ts.
debug: Resolve file:///Users/lindanian/projects/git/cocos-creator-projects/practice/13-CrampedRoomOfDeath/assets/Scripts/Tile/TileMapManager.ts from cce:/internal/x/prerequisite-imports as file:///Users/lindanian/projects/git/cocos-creator-projects/practice/13-CrampedRoomOfDeath/assets/Scripts/Tile/TileMapManager.ts.
debug: Resolve file:///Users/lindanian/projects/git/cocos-creator-projects/practice/13-CrampedRoomOfDeath/assets/Utils/index.ts from cce:/internal/x/prerequisite-imports as file:///Users/lindanian/projects/git/cocos-creator-projects/practice/13-CrampedRoomOfDeath/assets/Utils/index.ts.
debug: Inspect file:///Users/lindanian/projects/git/cocos-creator-projects/practice/13-CrampedRoomOfDeath/assets/Runtime/DataManager.ts
debug: Detected change: file:///Users/lindanian/projects/git/cocos-creator-projects/practice/13-CrampedRoomOfDeath/assets/Scripts/Sence/BattleManager.ts. Last mtime: Tue Dec 26 2023 23:41:44 GMT+0800 (中国标准时间)@bd0bbef9-eda4-4fbc-a655-b42512681271, Current mtime: Tue Dec 26 2023 23:51:49 GMT+0800 (中国标准时间)@bd0bbef9-eda4-4fbc-a655-b42512681271
debug: Inspect file:///Users/lindanian/projects/git/cocos-creator-projects/practice/13-CrampedRoomOfDeath/assets/Scripts/Sence/BattleManager.ts
debug: Detected change: file:///Users/lindanian/projects/git/cocos-creator-projects/practice/13-CrampedRoomOfDeath/assets/Scripts/Tile/TileMapManager.ts. Last mtime: Tue Dec 26 2023 23:40:54 GMT+0800 (中国标准时间)@48ff63d2-6fd3-4606-bf44-5f26166a13fa, Current mtime: Tue Dec 26 2023 23:52:41 GMT+0800 (中国标准时间)@48ff63d2-6fd3-4606-bf44-5f26166a13fa
debug: Inspect file:///Users/lindanian/projects/git/cocos-creator-projects/practice/13-CrampedRoomOfDeath/assets/Scripts/Tile/TileMapManager.ts
debug: Resolve cce:/internal/code-quality/cr.mjs from file:///Users/lindanian/projects/git/cocos-creator-projects/practice/13-CrampedRoomOfDeath/assets/Scripts/Tile/TileMapManager.ts as cce:/internal/code-quality/cr.mjs.
debug: Resolve cc from file:///Users/lindanian/projects/git/cocos-creator-projects/practice/13-CrampedRoomOfDeath/assets/Scripts/Tile/TileMapManager.ts as cce:/internal/x/cc.
debug: Resolve cc from file:///Users/lindanian/projects/git/cocos-creator-projects/practice/13-CrampedRoomOfDeath/assets/Scripts/Tile/TileMapManager.ts as cce:/internal/x/cc.
debug: Resolve cce:/internal/code-quality/cr.mjs from file:///Users/lindanian/projects/git/cocos-creator-projects/practice/13-CrampedRoomOfDeath/assets/Scripts/Sence/BattleManager.ts as cce:/internal/code-quality/cr.mjs.
debug: Resolve cc from file:///Users/lindanian/projects/git/cocos-creator-projects/practice/13-CrampedRoomOfDeath/assets/Scripts/Sence/BattleManager.ts as cce:/internal/x/cc.
debug: Resolve cc from file:///Users/lindanian/projects/git/cocos-creator-projects/practice/13-CrampedRoomOfDeath/assets/Scripts/Sence/BattleManager.ts as cce:/internal/x/cc.
debug: Resolve cce:/internal/code-quality/cr.mjs from file:///Users/lindanian/projects/git/cocos-creator-projects/practice/13-CrampedRoomOfDeath/assets/Runtime/DataManager.ts as cce:/internal/code-quality/cr.mjs.
debug: Resolve cc from file:///Users/lindanian/projects/git/cocos-creator-projects/practice/13-CrampedRoomOfDeath/assets/Runtime/DataManager.ts as cce:/internal/x/cc.
debug: Resolve db://assets/Scripts/Tile/TileManager from file:///Users/lindanian/projects/git/cocos-creator-projects/practice/13-CrampedRoomOfDeath/assets/Scripts/Tile/TileMapManager.ts as file:///Users/lindanian/projects/git/cocos-creator-projects/practice/13-CrampedRoomOfDeath/assets/Scripts/Tile/TileManager.ts.
debug: Resolve db://assets/Runtime/DataManager from file:///Users/lindanian/projects/git/cocos-creator-projects/practice/13-CrampedRoomOfDeath/assets/Scripts/Tile/TileMapManager.ts as file:///Users/lindanian/projects/git/cocos-creator-projects/practice/13-CrampedRoomOfDeath/assets/Runtime/DataManager.ts.
debug: Resolve db://assets/Utils from file:///Users/lindanian/projects/git/cocos-creator-projects/practice/13-CrampedRoomOfDeath/assets/Scripts/Tile/TileMapManager.ts as file:///Users/lindanian/projects/git/cocos-creator-projects/practice/13-CrampedRoomOfDeath/assets/Utils/index.ts.
debug: Resolve db://assets/Scripts/Tile/TileMapManager from file:///Users/lindanian/projects/git/cocos-creator-projects/practice/13-CrampedRoomOfDeath/assets/Scripts/Sence/BattleManager.ts as file:///Users/lindanian/projects/git/cocos-creator-projects/practice/13-CrampedRoomOfDeath/assets/Scripts/Tile/TileMapManager.ts.
debug: Resolve db://assets/Runtime/DataManager from file:///Users/lindanian/projects/git/cocos-creator-projects/practice/13-CrampedRoomOfDeath/assets/Scripts/Sence/BattleManager.ts as file:///Users/lindanian/projects/git/cocos-creator-projects/practice/13-CrampedRoomOfDeath/assets/Runtime/DataManager.ts.
debug: Resolve db://assets/Utils from file:///Users/lindanian/projects/git/cocos-creator-projects/practice/13-CrampedRoomOfDeath/assets/Scripts/Sence/BattleManager.ts as file:///Users/lindanian/projects/git/cocos-creator-projects/practice/13-CrampedRoomOfDeath/assets/Utils/index.ts.
debug: Resolve db://assets/Levels from file:///Users/lindanian/projects/git/cocos-creator-projects/practice/13-CrampedRoomOfDeath/assets/Scripts/Sence/BattleManager.ts as file:///Users/lindanian/projects/git/cocos-creator-projects/practice/13-CrampedRoomOfDeath/assets/Levels/index.ts.
debug: Target(editor) ends with cost 140.56868000002578ms.
debug: Target(preview) build started.
debug: Detected change: cce:/internal/x/prerequisite-imports. Last mtime: Thu Jan 01 1970 08:20:04 GMT+0800 (中国标准时间), Current mtime: Thu Jan 01 1970 08:29:47 GMT+0800 (中国标准时间)
debug: Inspect cce:/internal/x/prerequisite-imports
debug: Resolve file:///Users/lindanian/projects/git/cocos-creator-projects/practice/13-CrampedRoomOfDeath/assets/Levels/index.ts from cce:/internal/x/prerequisite-imports as file:///Users/lindanian/projects/git/cocos-creator-projects/practice/13-CrampedRoomOfDeath/assets/Levels/index.ts.
debug: Resolve file:///Users/lindanian/projects/git/cocos-creator-projects/practice/13-CrampedRoomOfDeath/assets/Runtime/DataManager.ts from cce:/internal/x/prerequisite-imports as file:///Users/lindanian/projects/git/cocos-creator-projects/practice/13-CrampedRoomOfDeath/assets/Runtime/DataManager.ts.
debug: Resolve file:///Users/lindanian/projects/git/cocos-creator-projects/practice/13-CrampedRoomOfDeath/assets/Enums/index.ts from cce:/internal/x/prerequisite-imports as file:///Users/lindanian/projects/git/cocos-creator-projects/practice/13-CrampedRoomOfDeath/assets/Enums/index.ts.
debug: Resolve file:///Users/lindanian/projects/git/cocos-creator-projects/practice/13-CrampedRoomOfDeath/assets/Levels/level1.ts from cce:/internal/x/prerequisite-imports as file:///Users/lindanian/projects/git/cocos-creator-projects/practice/13-CrampedRoomOfDeath/assets/Levels/level1.ts.
debug: Resolve file:///Users/lindanian/projects/git/cocos-creator-projects/practice/13-CrampedRoomOfDeath/assets/Scripts/Sence/BattleManager.ts from cce:/internal/x/prerequisite-imports as file:///Users/lindanian/projects/git/cocos-creator-projects/practice/13-CrampedRoomOfDeath/assets/Scripts/Sence/BattleManager.ts.
debug: Resolve file:///Users/lindanian/projects/git/cocos-creator-projects/practice/13-CrampedRoomOfDeath/assets/Scripts/Tile/TileManager.ts from cce:/internal/x/prerequisite-imports as file:///Users/lindanian/projects/git/cocos-creator-projects/practice/13-CrampedRoomOfDeath/assets/Scripts/Tile/TileManager.ts.
debug: Resolve file:///Users/lindanian/projects/git/cocos-creator-projects/practice/13-CrampedRoomOfDeath/assets/Scripts/Tile/TileMapManager.ts from cce:/internal/x/prerequisite-imports as file:///Users/lindanian/projects/git/cocos-creator-projects/practice/13-CrampedRoomOfDeath/assets/Scripts/Tile/TileMapManager.ts.
debug: Resolve file:///Users/lindanian/projects/git/cocos-creator-projects/practice/13-CrampedRoomOfDeath/assets/Utils/index.ts from cce:/internal/x/prerequisite-imports as file:///Users/lindanian/projects/git/cocos-creator-projects/practice/13-CrampedRoomOfDeath/assets/Utils/index.ts.
debug: Inspect file:///Users/lindanian/projects/git/cocos-creator-projects/practice/13-CrampedRoomOfDeath/assets/Runtime/DataManager.ts
debug: Detected change: file:///Users/lindanian/projects/git/cocos-creator-projects/practice/13-CrampedRoomOfDeath/assets/Scripts/Sence/BattleManager.ts. Last mtime: Tue Dec 26 2023 23:41:44 GMT+0800 (中国标准时间)@bd0bbef9-eda4-4fbc-a655-b42512681271, Current mtime: Tue Dec 26 2023 23:51:49 GMT+0800 (中国标准时间)@bd0bbef9-eda4-4fbc-a655-b42512681271
debug: Inspect file:///Users/lindanian/projects/git/cocos-creator-projects/practice/13-CrampedRoomOfDeath/assets/Scripts/Sence/BattleManager.ts
debug: Detected change: file:///Users/lindanian/projects/git/cocos-creator-projects/practice/13-CrampedRoomOfDeath/assets/Scripts/Tile/TileMapManager.ts. Last mtime: Tue Dec 26 2023 23:40:54 GMT+0800 (中国标准时间)@48ff63d2-6fd3-4606-bf44-5f26166a13fa, Current mtime: Tue Dec 26 2023 23:52:41 GMT+0800 (中国标准时间)@48ff63d2-6fd3-4606-bf44-5f26166a13fa
debug: Inspect file:///Users/lindanian/projects/git/cocos-creator-projects/practice/13-CrampedRoomOfDeath/assets/Scripts/Tile/TileMapManager.ts
debug: Resolve cce:/internal/code-quality/cr.mjs from file:///Users/lindanian/projects/git/cocos-creator-projects/practice/13-CrampedRoomOfDeath/assets/Scripts/Tile/TileMapManager.ts as cce:/internal/code-quality/cr.mjs.
debug: Resolve cc from file:///Users/lindanian/projects/git/cocos-creator-projects/practice/13-CrampedRoomOfDeath/assets/Scripts/Tile/TileMapManager.ts as cce:/internal/x/cc.
debug: Resolve cc from file:///Users/lindanian/projects/git/cocos-creator-projects/practice/13-CrampedRoomOfDeath/assets/Scripts/Tile/TileMapManager.ts as cce:/internal/x/cc.
debug: Resolve cce:/internal/code-quality/cr.mjs from file:///Users/lindanian/projects/git/cocos-creator-projects/practice/13-CrampedRoomOfDeath/assets/Scripts/Sence/BattleManager.ts as cce:/internal/code-quality/cr.mjs.
debug: Resolve cc from file:///Users/lindanian/projects/git/cocos-creator-projects/practice/13-CrampedRoomOfDeath/assets/Scripts/Sence/BattleManager.ts as cce:/internal/x/cc.
debug: Resolve cc from file:///Users/lindanian/projects/git/cocos-creator-projects/practice/13-CrampedRoomOfDeath/assets/Scripts/Sence/BattleManager.ts as cce:/internal/x/cc.
debug: Resolve cce:/internal/code-quality/cr.mjs from file:///Users/lindanian/projects/git/cocos-creator-projects/practice/13-CrampedRoomOfDeath/assets/Runtime/DataManager.ts as cce:/internal/code-quality/cr.mjs.
debug: Resolve cc from file:///Users/lindanian/projects/git/cocos-creator-projects/practice/13-CrampedRoomOfDeath/assets/Runtime/DataManager.ts as cce:/internal/x/cc.
debug: Resolve db://assets/Scripts/Tile/TileManager from file:///Users/lindanian/projects/git/cocos-creator-projects/practice/13-CrampedRoomOfDeath/assets/Scripts/Tile/TileMapManager.ts as file:///Users/lindanian/projects/git/cocos-creator-projects/practice/13-CrampedRoomOfDeath/assets/Scripts/Tile/TileManager.ts.
debug: Resolve db://assets/Runtime/DataManager from file:///Users/lindanian/projects/git/cocos-creator-projects/practice/13-CrampedRoomOfDeath/assets/Scripts/Tile/TileMapManager.ts as file:///Users/lindanian/projects/git/cocos-creator-projects/practice/13-CrampedRoomOfDeath/assets/Runtime/DataManager.ts.
debug: Resolve db://assets/Scripts/Tile/TileMapManager from file:///Users/lindanian/projects/git/cocos-creator-projects/practice/13-CrampedRoomOfDeath/assets/Scripts/Sence/BattleManager.ts as file:///Users/lindanian/projects/git/cocos-creator-projects/practice/13-CrampedRoomOfDeath/assets/Scripts/Tile/TileMapManager.ts.
debug: Resolve db://assets/Runtime/DataManager from file:///Users/lindanian/projects/git/cocos-creator-projects/practice/13-CrampedRoomOfDeath/assets/Scripts/Sence/BattleManager.ts as file:///Users/lindanian/projects/git/cocos-creator-projects/practice/13-CrampedRoomOfDeath/assets/Runtime/DataManager.ts.
debug: Resolve db://assets/Utils from file:///Users/lindanian/projects/git/cocos-creator-projects/practice/13-CrampedRoomOfDeath/assets/Scripts/Tile/TileMapManager.ts as file:///Users/lindanian/projects/git/cocos-creator-projects/practice/13-CrampedRoomOfDeath/assets/Utils/index.ts.
debug: Resolve db://assets/Utils from file:///Users/lindanian/projects/git/cocos-creator-projects/practice/13-CrampedRoomOfDeath/assets/Scripts/Sence/BattleManager.ts as file:///Users/lindanian/projects/git/cocos-creator-projects/practice/13-CrampedRoomOfDeath/assets/Utils/index.ts.
debug: Resolve db://assets/Levels from file:///Users/lindanian/projects/git/cocos-creator-projects/practice/13-CrampedRoomOfDeath/assets/Scripts/Sence/BattleManager.ts as file:///Users/lindanian/projects/git/cocos-creator-projects/practice/13-CrampedRoomOfDeath/assets/Levels/index.ts.
debug: Target(preview) ends with cost 163.17656499985605ms.
debug: Dispatch build request for time accumulated 1 asset changes.
debug: Build iteration starts.
Number of accumulated asset changes: 1
Feature changed: false
debug: Target(editor) build started.
debug: Detected change: cce:/internal/x/prerequisite-imports. Last mtime: Thu Jan 01 1970 08:29:47 GMT+0800 (中国标准时间), Current mtime: Thu Jan 01 1970 08:33:43 GMT+0800 (中国标准时间)
debug: Inspect cce:/internal/x/prerequisite-imports
debug: Resolve file:///Users/lindanian/projects/git/cocos-creator-projects/practice/13-CrampedRoomOfDeath/assets/Enums/index.ts from cce:/internal/x/prerequisite-imports as file:///Users/lindanian/projects/git/cocos-creator-projects/practice/13-CrampedRoomOfDeath/assets/Enums/index.ts.
debug: Resolve file:///Users/lindanian/projects/git/cocos-creator-projects/practice/13-CrampedRoomOfDeath/assets/Levels/level1.ts from cce:/internal/x/prerequisite-imports as file:///Users/lindanian/projects/git/cocos-creator-projects/practice/13-CrampedRoomOfDeath/assets/Levels/level1.ts.
debug: Resolve file:///Users/lindanian/projects/git/cocos-creator-projects/practice/13-CrampedRoomOfDeath/assets/Runtime/DataManager.ts from cce:/internal/x/prerequisite-imports as file:///Users/lindanian/projects/git/cocos-creator-projects/practice/13-CrampedRoomOfDeath/assets/Runtime/DataManager.ts.
debug: Resolve file:///Users/lindanian/projects/git/cocos-creator-projects/practice/13-CrampedRoomOfDeath/assets/Scripts/Tile/TileManager.ts from cce:/internal/x/prerequisite-imports as file:///Users/lindanian/projects/git/cocos-creator-projects/practice/13-CrampedRoomOfDeath/assets/Scripts/Tile/TileManager.ts.
debug: Resolve file:///Users/lindanian/projects/git/cocos-creator-projects/practice/13-CrampedRoomOfDeath/assets/Levels/index.ts from cce:/internal/x/prerequisite-imports as file:///Users/lindanian/projects/git/cocos-creator-projects/practice/13-CrampedRoomOfDeath/assets/Levels/index.ts.
debug: Resolve file:///Users/lindanian/projects/git/cocos-creator-projects/practice/13-CrampedRoomOfDeath/assets/Scripts/Sence/BattleManager.ts from cce:/internal/x/prerequisite-imports as file:///Users/lindanian/projects/git/cocos-creator-projects/practice/13-CrampedRoomOfDeath/assets/Scripts/Sence/BattleManager.ts.
debug: Resolve file:///Users/lindanian/projects/git/cocos-creator-projects/practice/13-CrampedRoomOfDeath/assets/Scripts/Tile/TileMapManager.ts from cce:/internal/x/prerequisite-imports as file:///Users/lindanian/projects/git/cocos-creator-projects/practice/13-CrampedRoomOfDeath/assets/Scripts/Tile/TileMapManager.ts.
debug: Resolve file:///Users/lindanian/projects/git/cocos-creator-projects/practice/13-CrampedRoomOfDeath/assets/Utils/index.ts from cce:/internal/x/prerequisite-imports as file:///Users/lindanian/projects/git/cocos-creator-projects/practice/13-CrampedRoomOfDeath/assets/Utils/index.ts.
debug: Detected change: file:///Users/lindanian/projects/git/cocos-creator-projects/practice/13-CrampedRoomOfDeath/assets/Scripts/Sence/BattleManager.ts. Last mtime: Tue Dec 26 2023 23:51:49 GMT+0800 (中国标准时间)@bd0bbef9-eda4-4fbc-a655-b42512681271, Current mtime: Tue Dec 26 2023 23:56:21 GMT+0800 (中国标准时间)@bd0bbef9-eda4-4fbc-a655-b42512681271
debug: Inspect file:///Users/lindanian/projects/git/cocos-creator-projects/practice/13-CrampedRoomOfDeath/assets/Scripts/Sence/BattleManager.ts
debug: Resolve cce:/internal/code-quality/cr.mjs from file:///Users/lindanian/projects/git/cocos-creator-projects/practice/13-CrampedRoomOfDeath/assets/Scripts/Sence/BattleManager.ts as cce:/internal/code-quality/cr.mjs.
debug: Resolve cc from file:///Users/lindanian/projects/git/cocos-creator-projects/practice/13-CrampedRoomOfDeath/assets/Scripts/Sence/BattleManager.ts as cce:/internal/x/cc.
debug: Resolve cc from file:///Users/lindanian/projects/git/cocos-creator-projects/practice/13-CrampedRoomOfDeath/assets/Scripts/Sence/BattleManager.ts as cce:/internal/x/cc.
debug: Resolve db://assets/Scripts/Tile/TileMapManager from file:///Users/lindanian/projects/git/cocos-creator-projects/practice/13-CrampedRoomOfDeath/assets/Scripts/Sence/BattleManager.ts as file:///Users/lindanian/projects/git/cocos-creator-projects/practice/13-CrampedRoomOfDeath/assets/Scripts/Tile/TileMapManager.ts.
debug: Resolve db://assets/Runtime/DataManager from file:///Users/lindanian/projects/git/cocos-creator-projects/practice/13-CrampedRoomOfDeath/assets/Scripts/Sence/BattleManager.ts as file:///Users/lindanian/projects/git/cocos-creator-projects/practice/13-CrampedRoomOfDeath/assets/Runtime/DataManager.ts.
debug: Resolve db://assets/Scripts/Tile/TileManager from file:///Users/lindanian/projects/git/cocos-creator-projects/practice/13-CrampedRoomOfDeath/assets/Scripts/Sence/BattleManager.ts as file:///Users/lindanian/projects/git/cocos-creator-projects/practice/13-CrampedRoomOfDeath/assets/Scripts/Tile/TileManager.ts.
debug: Resolve db://assets/Utils from file:///Users/lindanian/projects/git/cocos-creator-projects/practice/13-CrampedRoomOfDeath/assets/Scripts/Sence/BattleManager.ts as file:///Users/lindanian/projects/git/cocos-creator-projects/practice/13-CrampedRoomOfDeath/assets/Utils/index.ts.
debug: Resolve db://assets/Levels from file:///Users/lindanian/projects/git/cocos-creator-projects/practice/13-CrampedRoomOfDeath/assets/Scripts/Sence/BattleManager.ts as file:///Users/lindanian/projects/git/cocos-creator-projects/practice/13-CrampedRoomOfDeath/assets/Levels/index.ts.
debug: Target(editor) ends with cost 66.53267300035805ms.
debug: Target(preview) build started.
debug: Detected change: cce:/internal/x/prerequisite-imports. Last mtime: Thu Jan 01 1970 08:29:47 GMT+0800 (中国标准时间), Current mtime: Thu Jan 01 1970 08:33:43 GMT+0800 (中国标准时间)
debug: Inspect cce:/internal/x/prerequisite-imports
debug: Resolve file:///Users/lindanian/projects/git/cocos-creator-projects/practice/13-CrampedRoomOfDeath/assets/Enums/index.ts from cce:/internal/x/prerequisite-imports as file:///Users/lindanian/projects/git/cocos-creator-projects/practice/13-CrampedRoomOfDeath/assets/Enums/index.ts.
debug: Resolve file:///Users/lindanian/projects/git/cocos-creator-projects/practice/13-CrampedRoomOfDeath/assets/Levels/index.ts from cce:/internal/x/prerequisite-imports as file:///Users/lindanian/projects/git/cocos-creator-projects/practice/13-CrampedRoomOfDeath/assets/Levels/index.ts.
debug: Resolve file:///Users/lindanian/projects/git/cocos-creator-projects/practice/13-CrampedRoomOfDeath/assets/Levels/level1.ts from cce:/internal/x/prerequisite-imports as file:///Users/lindanian/projects/git/cocos-creator-projects/practice/13-CrampedRoomOfDeath/assets/Levels/level1.ts.
debug: Resolve file:///Users/lindanian/projects/git/cocos-creator-projects/practice/13-CrampedRoomOfDeath/assets/Runtime/DataManager.ts from cce:/internal/x/prerequisite-imports as file:///Users/lindanian/projects/git/cocos-creator-projects/practice/13-CrampedRoomOfDeath/assets/Runtime/DataManager.ts.
debug: Resolve file:///Users/lindanian/projects/git/cocos-creator-projects/practice/13-CrampedRoomOfDeath/assets/Scripts/Sence/BattleManager.ts from cce:/internal/x/prerequisite-imports as file:///Users/lindanian/projects/git/cocos-creator-projects/practice/13-CrampedRoomOfDeath/assets/Scripts/Sence/BattleManager.ts.
debug: Resolve file:///Users/lindanian/projects/git/cocos-creator-projects/practice/13-CrampedRoomOfDeath/assets/Scripts/Tile/TileManager.ts from cce:/internal/x/prerequisite-imports as file:///Users/lindanian/projects/git/cocos-creator-projects/practice/13-CrampedRoomOfDeath/assets/Scripts/Tile/TileManager.ts.
debug: Resolve file:///Users/lindanian/projects/git/cocos-creator-projects/practice/13-CrampedRoomOfDeath/assets/Scripts/Tile/TileMapManager.ts from cce:/internal/x/prerequisite-imports as file:///Users/lindanian/projects/git/cocos-creator-projects/practice/13-CrampedRoomOfDeath/assets/Scripts/Tile/TileMapManager.ts.
debug: Resolve file:///Users/lindanian/projects/git/cocos-creator-projects/practice/13-CrampedRoomOfDeath/assets/Utils/index.ts from cce:/internal/x/prerequisite-imports as file:///Users/lindanian/projects/git/cocos-creator-projects/practice/13-CrampedRoomOfDeath/assets/Utils/index.ts.
debug: Detected change: file:///Users/lindanian/projects/git/cocos-creator-projects/practice/13-CrampedRoomOfDeath/assets/Scripts/Sence/BattleManager.ts. Last mtime: Tue Dec 26 2023 23:51:49 GMT+0800 (中国标准时间)@bd0bbef9-eda4-4fbc-a655-b42512681271, Current mtime: Tue Dec 26 2023 23:56:21 GMT+0800 (中国标准时间)@bd0bbef9-eda4-4fbc-a655-b42512681271
debug: Inspect file:///Users/lindanian/projects/git/cocos-creator-projects/practice/13-CrampedRoomOfDeath/assets/Scripts/Sence/BattleManager.ts
debug: Resolve cce:/internal/code-quality/cr.mjs from file:///Users/lindanian/projects/git/cocos-creator-projects/practice/13-CrampedRoomOfDeath/assets/Scripts/Sence/BattleManager.ts as cce:/internal/code-quality/cr.mjs.
debug: Resolve cc from file:///Users/lindanian/projects/git/cocos-creator-projects/practice/13-CrampedRoomOfDeath/assets/Scripts/Sence/BattleManager.ts as cce:/internal/x/cc.
debug: Resolve cc from file:///Users/lindanian/projects/git/cocos-creator-projects/practice/13-CrampedRoomOfDeath/assets/Scripts/Sence/BattleManager.ts as cce:/internal/x/cc.
debug: Resolve db://assets/Runtime/DataManager from file:///Users/lindanian/projects/git/cocos-creator-projects/practice/13-CrampedRoomOfDeath/assets/Scripts/Sence/BattleManager.ts as file:///Users/lindanian/projects/git/cocos-creator-projects/practice/13-CrampedRoomOfDeath/assets/Runtime/DataManager.ts.
debug: Resolve db://assets/Scripts/Tile/TileMapManager from file:///Users/lindanian/projects/git/cocos-creator-projects/practice/13-CrampedRoomOfDeath/assets/Scripts/Sence/BattleManager.ts as file:///Users/lindanian/projects/git/cocos-creator-projects/practice/13-CrampedRoomOfDeath/assets/Scripts/Tile/TileMapManager.ts.
debug: Resolve db://assets/Scripts/Tile/TileManager from file:///Users/lindanian/projects/git/cocos-creator-projects/practice/13-CrampedRoomOfDeath/assets/Scripts/Sence/BattleManager.ts as file:///Users/lindanian/projects/git/cocos-creator-projects/practice/13-CrampedRoomOfDeath/assets/Scripts/Tile/TileManager.ts.
debug: Resolve db://assets/Utils from file:///Users/lindanian/projects/git/cocos-creator-projects/practice/13-CrampedRoomOfDeath/assets/Scripts/Sence/BattleManager.ts as file:///Users/lindanian/projects/git/cocos-creator-projects/practice/13-CrampedRoomOfDeath/assets/Utils/index.ts.
debug: Resolve db://assets/Levels from file:///Users/lindanian/projects/git/cocos-creator-projects/practice/13-CrampedRoomOfDeath/assets/Scripts/Sence/BattleManager.ts as file:///Users/lindanian/projects/git/cocos-creator-projects/practice/13-CrampedRoomOfDeath/assets/Levels/index.ts.
debug: Target(preview) ends with cost 86.34538300009444ms.
debug: Dispatch build request for time accumulated 1 asset changes.
debug: Build iteration starts.
Number of accumulated asset changes: 1
Feature changed: false
debug: Target(editor) build started.
debug: Detected change: cce:/internal/x/prerequisite-imports. Last mtime: Thu Jan 01 1970 08:33:43 GMT+0800 (中国标准时间), Current mtime: Thu Jan 01 1970 08:34:07 GMT+0800 (中国标准时间)
debug: Inspect cce:/internal/x/prerequisite-imports
debug: Resolve file:///Users/lindanian/projects/git/cocos-creator-projects/practice/13-CrampedRoomOfDeath/assets/Enums/index.ts from cce:/internal/x/prerequisite-imports as file:///Users/lindanian/projects/git/cocos-creator-projects/practice/13-CrampedRoomOfDeath/assets/Enums/index.ts.
debug: Resolve file:///Users/lindanian/projects/git/cocos-creator-projects/practice/13-CrampedRoomOfDeath/assets/Levels/index.ts from cce:/internal/x/prerequisite-imports as file:///Users/lindanian/projects/git/cocos-creator-projects/practice/13-CrampedRoomOfDeath/assets/Levels/index.ts.
debug: Resolve file:///Users/lindanian/projects/git/cocos-creator-projects/practice/13-CrampedRoomOfDeath/assets/Levels/level1.ts from cce:/internal/x/prerequisite-imports as file:///Users/lindanian/projects/git/cocos-creator-projects/practice/13-CrampedRoomOfDeath/assets/Levels/level1.ts.
debug: Resolve file:///Users/lindanian/projects/git/cocos-creator-projects/practice/13-CrampedRoomOfDeath/assets/Runtime/DataManager.ts from cce:/internal/x/prerequisite-imports as file:///Users/lindanian/projects/git/cocos-creator-projects/practice/13-CrampedRoomOfDeath/assets/Runtime/DataManager.ts.
debug: Resolve file:///Users/lindanian/projects/git/cocos-creator-projects/practice/13-CrampedRoomOfDeath/assets/Scripts/Sence/BattleManager.ts from cce:/internal/x/prerequisite-imports as file:///Users/lindanian/projects/git/cocos-creator-projects/practice/13-CrampedRoomOfDeath/assets/Scripts/Sence/BattleManager.ts.
debug: Resolve file:///Users/lindanian/projects/git/cocos-creator-projects/practice/13-CrampedRoomOfDeath/assets/Scripts/Tile/TileManager.ts from cce:/internal/x/prerequisite-imports as file:///Users/lindanian/projects/git/cocos-creator-projects/practice/13-CrampedRoomOfDeath/assets/Scripts/Tile/TileManager.ts.
debug: Resolve file:///Users/lindanian/projects/git/cocos-creator-projects/practice/13-CrampedRoomOfDeath/assets/Scripts/Tile/TileMapManager.ts from cce:/internal/x/prerequisite-imports as file:///Users/lindanian/projects/git/cocos-creator-projects/practice/13-CrampedRoomOfDeath/assets/Scripts/Tile/TileMapManager.ts.
debug: Resolve file:///Users/lindanian/projects/git/cocos-creator-projects/practice/13-CrampedRoomOfDeath/assets/Utils/index.ts from cce:/internal/x/prerequisite-imports as file:///Users/lindanian/projects/git/cocos-creator-projects/practice/13-CrampedRoomOfDeath/assets/Utils/index.ts.
debug: Detected change: file:///Users/lindanian/projects/git/cocos-creator-projects/practice/13-CrampedRoomOfDeath/assets/Scripts/Sence/BattleManager.ts. Last mtime: Tue Dec 26 2023 23:56:21 GMT+0800 (中国标准时间)@bd0bbef9-eda4-4fbc-a655-b42512681271, Current mtime: Tue Dec 26 2023 23:57:00 GMT+0800 (中国标准时间)@bd0bbef9-eda4-4fbc-a655-b42512681271
debug: Inspect file:///Users/lindanian/projects/git/cocos-creator-projects/practice/13-CrampedRoomOfDeath/assets/Scripts/Sence/BattleManager.ts
debug: Resolve cce:/internal/code-quality/cr.mjs from file:///Users/lindanian/projects/git/cocos-creator-projects/practice/13-CrampedRoomOfDeath/assets/Scripts/Sence/BattleManager.ts as cce:/internal/code-quality/cr.mjs.
debug: Resolve cc from file:///Users/lindanian/projects/git/cocos-creator-projects/practice/13-CrampedRoomOfDeath/assets/Scripts/Sence/BattleManager.ts as cce:/internal/x/cc.
debug: Resolve cc from file:///Users/lindanian/projects/git/cocos-creator-projects/practice/13-CrampedRoomOfDeath/assets/Scripts/Sence/BattleManager.ts as cce:/internal/x/cc.
debug: Resolve db://assets/Scripts/Tile/TileMapManager from file:///Users/lindanian/projects/git/cocos-creator-projects/practice/13-CrampedRoomOfDeath/assets/Scripts/Sence/BattleManager.ts as file:///Users/lindanian/projects/git/cocos-creator-projects/practice/13-CrampedRoomOfDeath/assets/Scripts/Tile/TileMapManager.ts.
debug: Resolve db://assets/Runtime/DataManager from file:///Users/lindanian/projects/git/cocos-creator-projects/practice/13-CrampedRoomOfDeath/assets/Scripts/Sence/BattleManager.ts as file:///Users/lindanian/projects/git/cocos-creator-projects/practice/13-CrampedRoomOfDeath/assets/Runtime/DataManager.ts.
debug: Resolve db://assets/Scripts/Tile/TileManager from file:///Users/lindanian/projects/git/cocos-creator-projects/practice/13-CrampedRoomOfDeath/assets/Scripts/Sence/BattleManager.ts as file:///Users/lindanian/projects/git/cocos-creator-projects/practice/13-CrampedRoomOfDeath/assets/Scripts/Tile/TileManager.ts.
debug: Resolve db://assets/Utils from file:///Users/lindanian/projects/git/cocos-creator-projects/practice/13-CrampedRoomOfDeath/assets/Scripts/Sence/BattleManager.ts as file:///Users/lindanian/projects/git/cocos-creator-projects/practice/13-CrampedRoomOfDeath/assets/Utils/index.ts.
debug: Resolve db://assets/Levels from file:///Users/lindanian/projects/git/cocos-creator-projects/practice/13-CrampedRoomOfDeath/assets/Scripts/Sence/BattleManager.ts as file:///Users/lindanian/projects/git/cocos-creator-projects/practice/13-CrampedRoomOfDeath/assets/Levels/index.ts.
debug: Target(editor) ends with cost 55.55626800004393ms.
debug: Target(preview) build started.
debug: Detected change: cce:/internal/x/prerequisite-imports. Last mtime: Thu Jan 01 1970 08:33:43 GMT+0800 (中国标准时间), Current mtime: Thu Jan 01 1970 08:34:07 GMT+0800 (中国标准时间)
debug: Inspect cce:/internal/x/prerequisite-imports
debug: Resolve file:///Users/lindanian/projects/git/cocos-creator-projects/practice/13-CrampedRoomOfDeath/assets/Enums/index.ts from cce:/internal/x/prerequisite-imports as file:///Users/lindanian/projects/git/cocos-creator-projects/practice/13-CrampedRoomOfDeath/assets/Enums/index.ts.
debug: Resolve file:///Users/lindanian/projects/git/cocos-creator-projects/practice/13-CrampedRoomOfDeath/assets/Levels/index.ts from cce:/internal/x/prerequisite-imports as file:///Users/lindanian/projects/git/cocos-creator-projects/practice/13-CrampedRoomOfDeath/assets/Levels/index.ts.
debug: Resolve file:///Users/lindanian/projects/git/cocos-creator-projects/practice/13-CrampedRoomOfDeath/assets/Runtime/DataManager.ts from cce:/internal/x/prerequisite-imports as file:///Users/lindanian/projects/git/cocos-creator-projects/practice/13-CrampedRoomOfDeath/assets/Runtime/DataManager.ts.
debug: Resolve file:///Users/lindanian/projects/git/cocos-creator-projects/practice/13-CrampedRoomOfDeath/assets/Levels/level1.ts from cce:/internal/x/prerequisite-imports as file:///Users/lindanian/projects/git/cocos-creator-projects/practice/13-CrampedRoomOfDeath/assets/Levels/level1.ts.
debug: Resolve file:///Users/lindanian/projects/git/cocos-creator-projects/practice/13-CrampedRoomOfDeath/assets/Scripts/Sence/BattleManager.ts from cce:/internal/x/prerequisite-imports as file:///Users/lindanian/projects/git/cocos-creator-projects/practice/13-CrampedRoomOfDeath/assets/Scripts/Sence/BattleManager.ts.
debug: Resolve file:///Users/lindanian/projects/git/cocos-creator-projects/practice/13-CrampedRoomOfDeath/assets/Scripts/Tile/TileManager.ts from cce:/internal/x/prerequisite-imports as file:///Users/lindanian/projects/git/cocos-creator-projects/practice/13-CrampedRoomOfDeath/assets/Scripts/Tile/TileManager.ts.
debug: Resolve file:///Users/lindanian/projects/git/cocos-creator-projects/practice/13-CrampedRoomOfDeath/assets/Scripts/Tile/TileMapManager.ts from cce:/internal/x/prerequisite-imports as file:///Users/lindanian/projects/git/cocos-creator-projects/practice/13-CrampedRoomOfDeath/assets/Scripts/Tile/TileMapManager.ts.
debug: Resolve file:///Users/lindanian/projects/git/cocos-creator-projects/practice/13-CrampedRoomOfDeath/assets/Utils/index.ts from cce:/internal/x/prerequisite-imports as file:///Users/lindanian/projects/git/cocos-creator-projects/practice/13-CrampedRoomOfDeath/assets/Utils/index.ts.
debug: Detected change: file:///Users/lindanian/projects/git/cocos-creator-projects/practice/13-CrampedRoomOfDeath/assets/Scripts/Sence/BattleManager.ts. Last mtime: Tue Dec 26 2023 23:56:21 GMT+0800 (中国标准时间)@bd0bbef9-eda4-4fbc-a655-b42512681271, Current mtime: Tue Dec 26 2023 23:57:00 GMT+0800 (中国标准时间)@bd0bbef9-eda4-4fbc-a655-b42512681271
debug: Inspect file:///Users/lindanian/projects/git/cocos-creator-projects/practice/13-CrampedRoomOfDeath/assets/Scripts/Sence/BattleManager.ts
debug: Resolve cce:/internal/code-quality/cr.mjs from file:///Users/lindanian/projects/git/cocos-creator-projects/practice/13-CrampedRoomOfDeath/assets/Scripts/Sence/BattleManager.ts as cce:/internal/code-quality/cr.mjs.
debug: Resolve cc from file:///Users/lindanian/projects/git/cocos-creator-projects/practice/13-CrampedRoomOfDeath/assets/Scripts/Sence/BattleManager.ts as cce:/internal/x/cc.
debug: Resolve cc from file:///Users/lindanian/projects/git/cocos-creator-projects/practice/13-CrampedRoomOfDeath/assets/Scripts/Sence/BattleManager.ts as cce:/internal/x/cc.
debug: Resolve db://assets/Scripts/Tile/TileMapManager from file:///Users/lindanian/projects/git/cocos-creator-projects/practice/13-CrampedRoomOfDeath/assets/Scripts/Sence/BattleManager.ts as file:///Users/lindanian/projects/git/cocos-creator-projects/practice/13-CrampedRoomOfDeath/assets/Scripts/Tile/TileMapManager.ts.
debug: Resolve db://assets/Runtime/DataManager from file:///Users/lindanian/projects/git/cocos-creator-projects/practice/13-CrampedRoomOfDeath/assets/Scripts/Sence/BattleManager.ts as file:///Users/lindanian/projects/git/cocos-creator-projects/practice/13-CrampedRoomOfDeath/assets/Runtime/DataManager.ts.
debug: Resolve db://assets/Scripts/Tile/TileManager from file:///Users/lindanian/projects/git/cocos-creator-projects/practice/13-CrampedRoomOfDeath/assets/Scripts/Sence/BattleManager.ts as file:///Users/lindanian/projects/git/cocos-creator-projects/practice/13-CrampedRoomOfDeath/assets/Scripts/Tile/TileManager.ts.
debug: Resolve db://assets/Utils from file:///Users/lindanian/projects/git/cocos-creator-projects/practice/13-CrampedRoomOfDeath/assets/Scripts/Sence/BattleManager.ts as file:///Users/lindanian/projects/git/cocos-creator-projects/practice/13-CrampedRoomOfDeath/assets/Utils/index.ts.
debug: Resolve db://assets/Levels from file:///Users/lindanian/projects/git/cocos-creator-projects/practice/13-CrampedRoomOfDeath/assets/Scripts/Sence/BattleManager.ts as file:///Users/lindanian/projects/git/cocos-creator-projects/practice/13-CrampedRoomOfDeath/assets/Levels/index.ts.
debug: Target(preview) ends with cost 88.22486399998888ms.
